app/build/intermediates/manifest_merge_blame_file/debug/manifest-merger-blame-debug-report.txt
1<?xml version="1.0" encoding="utf-8"?>
2<manifest xmlns:android="http://schemas.android.com/apk/res/android"
3    package="com.droid.datingapp"
4    android:versionCode="1"
5    android:versionName="1.0" >
6
7    <uses-sdk
8        android:minSdkVersion="24"
9        android:targetSdkVersion="34" />
10
11    <uses-permission android:name="android.permission.INTERNET" />
11-->src\main\AndroidManifest.xml:4:1-62
11-->src\main\AndroidManifest.xml:4:18-60
12    <uses-permission android:name="android.permission.ACCESS_NETWORK_STATE" />
12-->[com.google.firebase:firebase-messaging:23.4.1] AndroidManifest.xml:22:5-79
12-->[com.google.firebase:firebase-messaging:23.4.1] AndroidManifest.xml:22:22-76
13    <uses-permission android:name="android.permission.POST_NOTIFICATIONS" />
13-->[com.google.firebase:firebase-messaging:23.4.1] AndroidManifest.xml:23:5-77
13-->[com.google.firebase:firebase-messaging:23.4.1] AndroidManifest.xml:23:22-74
14    <uses-permission android:name="android.permission.WAKE_LOCK" /> <!-- Required by older versions of Google Play services to create IID tokens -->
14-->[com.google.firebase:firebase-messaging:23.4.1] AndroidManifest.xml:24:5-68
14-->[com.google.firebase:firebase-messaging:23.4.1] AndroidManifest.xml:24:22-65
15    <uses-permission android:name="com.google.android.c2dm.permission.RECEIVE" />
15-->[com.google.firebase:firebase-messaging:23.4.1] AndroidManifest.xml:26:5-82
15-->[com.google.firebase:firebase-messaging:23.4.1] AndroidManifest.xml:26:22-79
16
17    <queries>
17-->[com.razorpay:checkout:1.6.20] AndroidManifest.xml:11:5-37:15
18        <intent>
18-->[com.razorpay:checkout:1.6.20] AndroidManifest.xml:12:9-18:18
19            <action android:name="android.intent.action.VIEW" />
19-->[com.razorpay:checkout:1.6.20] AndroidManifest.xml:13:13-65
19-->[com.razorpay:checkout:1.6.20] AndroidManifest.xml:13:21-62
20
21            <data
21-->[com.razorpay:checkout:1.6.20] AndroidManifest.xml:15:13-17:38
22                android:mimeType="*/*"
22-->[com.razorpay:checkout:1.6.20] AndroidManifest.xml:16:17-39
23                android:scheme="*" />
23-->[com.razorpay:checkout:1.6.20] AndroidManifest.xml:17:17-35
24        </intent>
25        <intent>
25-->[com.razorpay:checkout:1.6.20] AndroidManifest.xml:19:9-28:18
26            <action android:name="android.intent.action.VIEW" />
26-->[com.razorpay:checkout:1.6.20] AndroidManifest.xml:13:13-65
26-->[com.razorpay:checkout:1.6.20] AndroidManifest.xml:13:21-62
27
28            <category android:name="android.intent.category.BROWSABLE" />
28-->[com.razorpay:checkout:1.6.20] AndroidManifest.xml:22:13-74
28-->[com.razorpay:checkout:1.6.20] AndroidManifest.xml:22:23-71
29
30            <data
30-->[com.razorpay:checkout:1.6.20] AndroidManifest.xml:15:13-17:38
31                android:host="pay"
32                android:mimeType="*/*"
32-->[com.razorpay:checkout:1.6.20] AndroidManifest.xml:16:17-39
33                android:scheme="upi" />
33-->[com.razorpay:checkout:1.6.20] AndroidManifest.xml:17:17-35
34        </intent>
35        <intent>
35-->[com.razorpay:checkout:1.6.20] AndroidManifest.xml:29:9-31:18
36            <action android:name="android.intent.action.MAIN" />
36-->src\main\AndroidManifest.xml:23:17-69
36-->src\main\AndroidManifest.xml:23:25-66
37        </intent>
38        <intent>
38-->[com.razorpay:checkout:1.6.20] AndroidManifest.xml:32:9-36:18
39            <action android:name="android.intent.action.SEND" />
39-->[com.razorpay:checkout:1.6.20] AndroidManifest.xml:33:13-65
39-->[com.razorpay:checkout:1.6.20] AndroidManifest.xml:33:21-62
40
41            <data android:mimeType="*/*" />
41-->[com.razorpay:checkout:1.6.20] AndroidManifest.xml:15:13-17:38
41-->[com.razorpay:checkout:1.6.20] AndroidManifest.xml:16:17-39
42        </intent>
43    </queries>
44
45    <uses-feature
45-->[com.google.android.gms:play-services-maps:17.0.0] AndroidManifest.xml:26:5-28:35
46        android:glEsVersion="0x00020000"
46-->[com.google.android.gms:play-services-maps:17.0.0] AndroidManifest.xml:27:9-41
47        android:required="true" />
47-->[com.google.android.gms:play-services-maps:17.0.0] AndroidManifest.xml:28:9-32
48
49    <permission
49-->[androidx.core:core:1.13.0] AndroidManifest.xml:22:5-24:47
50        android:name="com.droid.datingapp.DYNAMIC_RECEIVER_NOT_EXPORTED_PERMISSION"
50-->[androidx.core:core:1.13.0] AndroidManifest.xml:23:9-81
51        android:protectionLevel="signature" />
51-->[androidx.core:core:1.13.0] AndroidManifest.xml:24:9-44
52
53    <uses-permission android:name="com.droid.datingapp.DYNAMIC_RECEIVER_NOT_EXPORTED_PERMISSION" />
53-->[androidx.core:core:1.13.0] AndroidManifest.xml:26:5-97
53-->[androidx.core:core:1.13.0] AndroidManifest.xml:26:22-94
54
55    <application
55-->src\main\AndroidManifest.xml:5:5-28:19
56        android:name="com.dating.app.DatingApp"
56-->src\main\AndroidManifest.xml:6:9-48
57        android:allowBackup="true"
57-->src\main\AndroidManifest.xml:7:9-35
58        android:appComponentFactory="androidx.core.app.CoreComponentFactory"
58-->[androidx.core:core:1.13.0] AndroidManifest.xml:28:18-86
59        android:dataExtractionRules="@xml/data_extraction_rules"
59-->src\main\AndroidManifest.xml:8:9-65
60        android:debuggable="true"
61        android:extractNativeLibs="false"
62        android:fullBackupContent="@xml/backup_rules"
62-->src\main\AndroidManifest.xml:9:9-54
63        android:icon="@drawable/app_icon"
63-->src\main\AndroidManifest.xml:10:9-42
64        android:label="@string/app_name"
64-->src\main\AndroidManifest.xml:11:9-41
65        android:roundIcon="@drawable/app_icon"
65-->src\main\AndroidManifest.xml:12:9-47
66        android:supportsRtl="true"
66-->src\main\AndroidManifest.xml:13:9-35
67        android:testOnly="true"
68        android:theme="@style/Theme.DatingApp" >
68-->src\main\AndroidManifest.xml:14:9-47
69        <activity
69-->src\main\AndroidManifest.xml:16:9-27:20
70            android:name="com.droid.datingapp.MainActivity"
70-->src\main\AndroidManifest.xml:17:13-60
71            android:exported="true"
71-->src\main\AndroidManifest.xml:18:13-36
72            android:label="@string/app_name"
72-->src\main\AndroidManifest.xml:20:13-45
73            android:screenOrientation="portrait"
73-->src\main\AndroidManifest.xml:19:13-49
74            android:theme="@style/Theme.DatingApp" >
74-->src\main\AndroidManifest.xml:21:13-51
75            <intent-filter>
75-->src\main\AndroidManifest.xml:22:13-26:29
76                <action android:name="android.intent.action.MAIN" />
76-->src\main\AndroidManifest.xml:23:17-69
76-->src\main\AndroidManifest.xml:23:25-66
77
78                <category android:name="android.intent.category.LAUNCHER" />
78-->src\main\AndroidManifest.xml:25:17-77
78-->src\main\AndroidManifest.xml:25:27-74
79            </intent-filter>
80        </activity>
81
82        <service
82-->[com.google.firebase:firebase-messaging-ktx:23.4.1] AndroidManifest.xml:23:9-29:19
83            android:name="com.google.firebase.components.ComponentDiscoveryService"
83-->[com.google.firebase:firebase-messaging-ktx:23.4.1] AndroidManifest.xml:24:13-84
84            android:directBootAware="true"
84-->[com.google.firebase:firebase-common:20.4.2] AndroidManifest.xml:32:13-43
85            android:exported="false" >
85-->[com.google.firebase:firebase-messaging-ktx:23.4.1] AndroidManifest.xml:25:13-37
86            <meta-data
86-->[com.google.firebase:firebase-messaging-ktx:23.4.1] AndroidManifest.xml:26:13-28:85
87                android:name="com.google.firebase.components:com.google.firebase.messaging.ktx.FirebaseMessagingLegacyRegistrar"
87-->[com.google.firebase:firebase-messaging-ktx:23.4.1] AndroidManifest.xml:27:17-129
88                android:value="com.google.firebase.components.ComponentRegistrar" />
88-->[com.google.firebase:firebase-messaging-ktx:23.4.1] AndroidManifest.xml:28:17-82
89            <meta-data
89-->[com.google.firebase:firebase-messaging:23.4.1] AndroidManifest.xml:57:13-59:85
90                android:name="com.google.firebase.components:com.google.firebase.messaging.FirebaseMessagingKtxRegistrar"
90-->[com.google.firebase:firebase-messaging:23.4.1] AndroidManifest.xml:58:17-122
91                android:value="com.google.firebase.components.ComponentRegistrar" />
91-->[com.google.firebase:firebase-messaging:23.4.1] AndroidManifest.xml:59:17-82
92            <meta-data
92-->[com.google.firebase:firebase-messaging:23.4.1] AndroidManifest.xml:60:13-62:85
93                android:name="com.google.firebase.components:com.google.firebase.messaging.FirebaseMessagingRegistrar"
93-->[com.google.firebase:firebase-messaging:23.4.1] AndroidManifest.xml:61:17-119
94                android:value="com.google.firebase.components.ComponentRegistrar" />
94-->[com.google.firebase:firebase-messaging:23.4.1] AndroidManifest.xml:62:17-82
95            <meta-data
95-->[com.google.firebase:firebase-installations:17.2.0] AndroidManifest.xml:15:13-17:85
96                android:name="com.google.firebase.components:com.google.firebase.installations.FirebaseInstallationsKtxRegistrar"
96-->[com.google.firebase:firebase-installations:17.2.0] AndroidManifest.xml:16:17-130
97                android:value="com.google.firebase.components.ComponentRegistrar" />
97-->[com.google.firebase:firebase-installations:17.2.0] AndroidManifest.xml:17:17-82
98            <meta-data
98-->[com.google.firebase:firebase-installations:17.2.0] AndroidManifest.xml:18:13-20:85
99                android:name="com.google.firebase.components:com.google.firebase.installations.FirebaseInstallationsRegistrar"
99-->[com.google.firebase:firebase-installations:17.2.0] AndroidManifest.xml:19:17-127
100                android:value="com.google.firebase.components.ComponentRegistrar" />
100-->[com.google.firebase:firebase-installations:17.2.0] AndroidManifest.xml:20:17-82
101            <meta-data
101-->[com.google.firebase:firebase-common-ktx:20.4.2] AndroidManifest.xml:12:13-14:85
102                android:name="com.google.firebase.components:com.google.firebase.ktx.FirebaseCommonLegacyRegistrar"
102-->[com.google.firebase:firebase-common-ktx:20.4.2] AndroidManifest.xml:13:17-116
103                android:value="com.google.firebase.components.ComponentRegistrar" />
103-->[com.google.firebase:firebase-common-ktx:20.4.2] AndroidManifest.xml:14:17-82
104            <meta-data
104-->[com.google.firebase:firebase-common:20.4.2] AndroidManifest.xml:35:13-37:85
105                android:name="com.google.firebase.components:com.google.firebase.FirebaseCommonKtxRegistrar"
105-->[com.google.firebase:firebase-common:20.4.2] AndroidManifest.xml:36:17-109
106                android:value="com.google.firebase.components.ComponentRegistrar" />
106-->[com.google.firebase:firebase-common:20.4.2] AndroidManifest.xml:37:17-82
107            <meta-data
107-->[com.google.firebase:firebase-datatransport:18.1.7] AndroidManifest.xml:27:13-29:85
108                android:name="com.google.firebase.components:com.google.firebase.datatransport.TransportRegistrar"
108-->[com.google.firebase:firebase-datatransport:18.1.7] AndroidManifest.xml:28:17-115
109                android:value="com.google.firebase.components.ComponentRegistrar" />
109-->[com.google.firebase:firebase-datatransport:18.1.7] AndroidManifest.xml:29:17-82
110        </service>
111
112        <receiver
112-->[com.google.firebase:firebase-messaging:23.4.1] AndroidManifest.xml:29:9-40:20
113            android:name="com.google.firebase.iid.FirebaseInstanceIdReceiver"
113-->[com.google.firebase:firebase-messaging:23.4.1] AndroidManifest.xml:30:13-78
114            android:exported="true"
114-->[com.google.firebase:firebase-messaging:23.4.1] AndroidManifest.xml:31:13-36
115            android:permission="com.google.android.c2dm.permission.SEND" >
115-->[com.google.firebase:firebase-messaging:23.4.1] AndroidManifest.xml:32:13-73
116            <intent-filter>
116-->[com.google.firebase:firebase-messaging:23.4.1] AndroidManifest.xml:33:13-35:29
117                <action android:name="com.google.android.c2dm.intent.RECEIVE" />
117-->[com.google.firebase:firebase-messaging:23.4.1] AndroidManifest.xml:34:17-81
117-->[com.google.firebase:firebase-messaging:23.4.1] AndroidManifest.xml:34:25-78
118            </intent-filter>
119
120            <meta-data
120-->[com.google.firebase:firebase-messaging:23.4.1] AndroidManifest.xml:37:13-39:40
121                android:name="com.google.android.gms.cloudmessaging.FINISHED_AFTER_HANDLED"
121-->[com.google.firebase:firebase-messaging:23.4.1] AndroidManifest.xml:38:17-92
122                android:value="true" />
122-->[com.google.firebase:firebase-messaging:23.4.1] AndroidManifest.xml:39:17-37
123        </receiver>
124        <!--
125             FirebaseMessagingService performs security checks at runtime,
126             but set to not exported to explicitly avoid allowing another app to call it.
127        -->
128        <service
128-->[com.google.firebase:firebase-messaging:23.4.1] AndroidManifest.xml:46:9-53:19
129            android:name="com.google.firebase.messaging.FirebaseMessagingService"
129-->[com.google.firebase:firebase-messaging:23.4.1] AndroidManifest.xml:47:13-82
130            android:directBootAware="true"
130-->[com.google.firebase:firebase-messaging:23.4.1] AndroidManifest.xml:48:13-43
131            android:exported="false" >
131-->[com.google.firebase:firebase-messaging:23.4.1] AndroidManifest.xml:49:13-37
132            <intent-filter android:priority="-500" >
132-->[com.google.firebase:firebase-messaging:23.4.1] AndroidManifest.xml:50:13-52:29
132-->[com.google.firebase:firebase-messaging:23.4.1] AndroidManifest.xml:50:28-51
133                <action android:name="com.google.firebase.MESSAGING_EVENT" />
133-->[com.google.firebase:firebase-messaging:23.4.1] AndroidManifest.xml:51:17-78
133-->[com.google.firebase:firebase-messaging:23.4.1] AndroidManifest.xml:51:25-75
134            </intent-filter>
135        </service>
136
137        <receiver
137-->[com.razorpay:checkout:1.6.20] AndroidManifest.xml:40:9-46:20
138            android:name="com.razorpay.RzpTokenReceiver"
138-->[com.razorpay:checkout:1.6.20] AndroidManifest.xml:41:13-57
139            android:exported="false" >
139-->[com.razorpay:checkout:1.6.20] AndroidManifest.xml:42:13-37
140            <intent-filter>
140-->[com.razorpay:checkout:1.6.20] AndroidManifest.xml:43:13-45:29
141                <action android:name="rzp.device_token.share" />
141-->[com.razorpay:checkout:1.6.20] AndroidManifest.xml:44:17-65
141-->[com.razorpay:checkout:1.6.20] AndroidManifest.xml:44:25-62
142            </intent-filter>
143        </receiver>
144
145        <activity
145-->[com.razorpay:checkout:1.6.20] AndroidManifest.xml:48:9-60:20
146            android:name="com.razorpay.CheckoutActivity"
146-->[com.razorpay:checkout:1.6.20] AndroidManifest.xml:49:13-57
147            android:configChanges="keyboard|keyboardHidden|orientation|screenSize"
147-->[com.razorpay:checkout:1.6.20] AndroidManifest.xml:50:13-83
148            android:exported="true"
148-->[com.razorpay:checkout:1.6.20] AndroidManifest.xml:51:13-36
149            android:theme="@style/CheckoutTheme" >
149-->[com.razorpay:checkout:1.6.20] AndroidManifest.xml:52:13-49
150            <intent-filter>
150-->[com.razorpay:checkout:1.6.20] AndroidManifest.xml:53:13-59:29
151                <action android:name="android.intent.action.MAIN" />
151-->src\main\AndroidManifest.xml:23:17-69
151-->src\main\AndroidManifest.xml:23:25-66
152
153                <data
153-->[com.razorpay:checkout:1.6.20] AndroidManifest.xml:15:13-17:38
154                    android:host="rzp.io"
155                    android:scheme="io.rzp" />
155-->[com.razorpay:checkout:1.6.20] AndroidManifest.xml:17:17-35
156            </intent-filter>
157        </activity>
158
159        <meta-data
159-->[com.razorpay:checkout:1.6.20] AndroidManifest.xml:62:9-64:58
160            android:name="com.razorpay.plugin.googlepay_all"
160-->[com.razorpay:checkout:1.6.20] AndroidManifest.xml:63:13-61
161            android:value="com.razorpay.RzpGpayMerged" />
161-->[com.razorpay:checkout:1.6.20] AndroidManifest.xml:64:13-55
162
163        <activity
163-->[com.google.android.gms:play-services-auth:21.2.0] AndroidManifest.xml:23:9-27:75
164            android:name="com.google.android.gms.auth.api.signin.internal.SignInHubActivity"
164-->[com.google.android.gms:play-services-auth:21.2.0] AndroidManifest.xml:24:13-93
165            android:excludeFromRecents="true"
165-->[com.google.android.gms:play-services-auth:21.2.0] AndroidManifest.xml:25:13-46
166            android:exported="false"
166-->[com.google.android.gms:play-services-auth:21.2.0] AndroidManifest.xml:26:13-37
167            android:theme="@android:style/Theme.Translucent.NoTitleBar" />
167-->[com.google.android.gms:play-services-auth:21.2.0] AndroidManifest.xml:27:13-72
168        <!--
169            Service handling Google Sign-In user revocation. For apps that do not integrate with
170            Google Sign-In, this service will never be started.
171        -->
172        <service
172-->[com.google.android.gms:play-services-auth:21.2.0] AndroidManifest.xml:33:9-37:51
173            android:name="com.google.android.gms.auth.api.signin.RevocationBoundService"
173-->[com.google.android.gms:play-services-auth:21.2.0] AndroidManifest.xml:34:13-89
174            android:exported="true"
174-->[com.google.android.gms:play-services-auth:21.2.0] AndroidManifest.xml:35:13-36
175            android:permission="com.google.android.gms.auth.api.signin.permission.REVOCATION_NOTIFICATION"
175-->[com.google.android.gms:play-services-auth:21.2.0] AndroidManifest.xml:36:13-107
176            android:visibleToInstantApps="true" /> <!-- Needs to be explicitly declared on P+ -->
176-->[com.google.android.gms:play-services-auth:21.2.0] AndroidManifest.xml:37:13-48
177        <uses-library
177-->[com.google.android.gms:play-services-maps:17.0.0] AndroidManifest.xml:33:9-35:40
178            android:name="org.apache.http.legacy"
178-->[com.google.android.gms:play-services-maps:17.0.0] AndroidManifest.xml:34:13-50
179            android:required="false" />
179-->[com.google.android.gms:play-services-maps:17.0.0] AndroidManifest.xml:35:13-37
180
181        <activity
181-->[com.google.android.gms:play-services-base:18.3.0] AndroidManifest.xml:20:9-22:45
182            android:name="com.google.android.gms.common.api.GoogleApiActivity"
182-->[com.google.android.gms:play-services-base:18.3.0] AndroidManifest.xml:20:19-85
183            android:exported="false"
183-->[com.google.android.gms:play-services-base:18.3.0] AndroidManifest.xml:22:19-43
184            android:theme="@android:style/Theme.Translucent.NoTitleBar" />
184-->[com.google.android.gms:play-services-base:18.3.0] AndroidManifest.xml:21:19-78
185
186        <provider
186-->[com.google.firebase:firebase-common:20.4.2] AndroidManifest.xml:23:9-28:39
187            android:name="com.google.firebase.provider.FirebaseInitProvider"
187-->[com.google.firebase:firebase-common:20.4.2] AndroidManifest.xml:24:13-77
188            android:authorities="com.droid.datingapp.firebaseinitprovider"
188-->[com.google.firebase:firebase-common:20.4.2] AndroidManifest.xml:25:13-72
189            android:directBootAware="true"
189-->[com.google.firebase:firebase-common:20.4.2] AndroidManifest.xml:26:13-43
190            android:exported="false"
190-->[com.google.firebase:firebase-common:20.4.2] AndroidManifest.xml:27:13-37
191            android:initOrder="100" />
191-->[com.google.firebase:firebase-common:20.4.2] AndroidManifest.xml:28:13-36
192
193        <activity
193-->[androidx.compose.ui:ui-tooling-android:1.7.0-alpha01] AndroidManifest.xml:23:9-25:39
194            android:name="androidx.compose.ui.tooling.PreviewActivity"
194-->[androidx.compose.ui:ui-tooling-android:1.7.0-alpha01] AndroidManifest.xml:24:13-71
195            android:exported="true" />
195-->[androidx.compose.ui:ui-tooling-android:1.7.0-alpha01] AndroidManifest.xml:25:13-36
196        <activity
196-->[androidx.compose.ui:ui-test-manifest:1.7.0-alpha01] AndroidManifest.xml:23:9-25:39
197            android:name="androidx.activity.ComponentActivity"
197-->[androidx.compose.ui:ui-test-manifest:1.7.0-alpha01] AndroidManifest.xml:24:13-63
198            android:exported="true" />
198-->[androidx.compose.ui:ui-test-manifest:1.7.0-alpha01] AndroidManifest.xml:25:13-36
199
200        <provider
200-->[androidx.emoji2:emoji2:1.3.0] AndroidManifest.xml:24:9-32:20
201            android:name="androidx.startup.InitializationProvider"
201-->[androidx.emoji2:emoji2:1.3.0] AndroidManifest.xml:25:13-67
202            android:authorities="com.droid.datingapp.androidx-startup"
202-->[androidx.emoji2:emoji2:1.3.0] AndroidManifest.xml:26:13-68
203            android:exported="false" >
203-->[androidx.emoji2:emoji2:1.3.0] AndroidManifest.xml:27:13-37
204            <meta-data
204-->[androidx.emoji2:emoji2:1.3.0] AndroidManifest.xml:29:13-31:52
205                android:name="androidx.emoji2.text.EmojiCompatInitializer"
205-->[androidx.emoji2:emoji2:1.3.0] AndroidManifest.xml:30:17-75
206                android:value="androidx.startup" />
206-->[androidx.emoji2:emoji2:1.3.0] AndroidManifest.xml:31:17-49
207            <meta-data
207-->[androidx.lifecycle:lifecycle-process:2.7.0] AndroidManifest.xml:29:13-31:52
208                android:name="androidx.lifecycle.ProcessLifecycleInitializer"
208-->[androidx.lifecycle:lifecycle-process:2.7.0] AndroidManifest.xml:30:17-78
209                android:value="androidx.startup" />
209-->[androidx.lifecycle:lifecycle-process:2.7.0] AndroidManifest.xml:31:17-49
210            <meta-data
210-->[androidx.profileinstaller:profileinstaller:1.3.1] AndroidManifest.xml:29:13-31:52
211                android:name="androidx.profileinstaller.ProfileInstallerInitializer"
211-->[androidx.profileinstaller:profileinstaller:1.3.1] AndroidManifest.xml:30:17-85
212                android:value="androidx.startup" />
212-->[androidx.profileinstaller:profileinstaller:1.3.1] AndroidManifest.xml:31:17-49
213        </provider>
214
215        <meta-data
215-->[com.google.android.gms:play-services-basement:18.3.0] AndroidManifest.xml:21:9-23:69
216            android:name="com.google.android.gms.version"
216-->[com.google.android.gms:play-services-basement:18.3.0] AndroidManifest.xml:22:13-58
217            android:value="@integer/google_play_services_version" />
217-->[com.google.android.gms:play-services-basement:18.3.0] AndroidManifest.xml:23:13-66
218
219        <receiver
219-->[androidx.profileinstaller:profileinstaller:1.3.1] AndroidManifest.xml:34:9-52:20
220            android:name="androidx.profileinstaller.ProfileInstallReceiver"
220-->[androidx.profileinstaller:profileinstaller:1.3.1] AndroidManifest.xml:35:13-76
221            android:directBootAware="false"
221-->[androidx.profileinstaller:profileinstaller:1.3.1] AndroidManifest.xml:36:13-44
222            android:enabled="true"
222-->[androidx.profileinstaller:profileinstaller:1.3.1] AndroidManifest.xml:37:13-35
223            android:exported="true"
223-->[androidx.profileinstaller:profileinstaller:1.3.1] AndroidManifest.xml:38:13-36
224            android:permission="android.permission.DUMP" >
224-->[androidx.profileinstaller:profileinstaller:1.3.1] AndroidManifest.xml:39:13-57
225            <intent-filter>
225-->[androidx.profileinstaller:profileinstaller:1.3.1] AndroidManifest.xml:40:13-42:29
226                <action android:name="androidx.profileinstaller.action.INSTALL_PROFILE" />
226-->[androidx.profileinstaller:profileinstaller:1.3.1] AndroidManifest.xml:41:17-91
226-->[androidx.profileinstaller:profileinstaller:1.3.1] AndroidManifest.xml:41:25-88
227            </intent-filter>
228            <intent-filter>
228-->[androidx.profileinstaller:profileinstaller:1.3.1] AndroidManifest.xml:43:13-45:29
229                <action android:name="androidx.profileinstaller.action.SKIP_FILE" />
229-->[androidx.profileinstaller:profileinstaller:1.3.1] AndroidManifest.xml:44:17-85
229-->[androidx.profileinstaller:profileinstaller:1.3.1] AndroidManifest.xml:44:25-82
230            </intent-filter>
231            <intent-filter>
231-->[androidx.profileinstaller:profileinstaller:1.3.1] AndroidManifest.xml:46:13-48:29
232                <action android:name="androidx.profileinstaller.action.SAVE_PROFILE" />
232-->[androidx.profileinstaller:profileinstaller:1.3.1] AndroidManifest.xml:47:17-88
232-->[androidx.profileinstaller:profileinstaller:1.3.1] AndroidManifest.xml:47:25-85
233            </intent-filter>
234            <intent-filter>
234-->[androidx.profileinstaller:profileinstaller:1.3.1] AndroidManifest.xml:49:13-51:29
235                <action android:name="androidx.profileinstaller.action.BENCHMARK_OPERATION" />
235-->[androidx.profileinstaller:profileinstaller:1.3.1] AndroidManifest.xml:50:17-95
235-->[androidx.profileinstaller:profileinstaller:1.3.1] AndroidManifest.xml:50:25-92
236            </intent-filter>
237        </receiver>
238
239        <service
239-->[com.google.android.datatransport:transport-backend-cct:3.1.8] AndroidManifest.xml:28:9-34:19
240            android:name="com.google.android.datatransport.runtime.backends.TransportBackendDiscovery"
240-->[com.google.android.datatransport:transport-backend-cct:3.1.8] AndroidManifest.xml:29:13-103
241            android:exported="false" >
241-->[com.google.android.datatransport:transport-backend-cct:3.1.8] AndroidManifest.xml:30:13-37
242            <meta-data
242-->[com.google.android.datatransport:transport-backend-cct:3.1.8] AndroidManifest.xml:31:13-33:39
243                android:name="backend:com.google.android.datatransport.cct.CctBackendFactory"
243-->[com.google.android.datatransport:transport-backend-cct:3.1.8] AndroidManifest.xml:32:17-94
244                android:value="cct" />
244-->[com.google.android.datatransport:transport-backend-cct:3.1.8] AndroidManifest.xml:33:17-36
245        </service>
246        <service
246-->[com.google.android.datatransport:transport-runtime:3.1.8] AndroidManifest.xml:26:9-30:19
247            android:name="com.google.android.datatransport.runtime.scheduling.jobscheduling.JobInfoSchedulerService"
247-->[com.google.android.datatransport:transport-runtime:3.1.8] AndroidManifest.xml:27:13-117
248            android:exported="false"
248-->[com.google.android.datatransport:transport-runtime:3.1.8] AndroidManifest.xml:28:13-37
249            android:permission="android.permission.BIND_JOB_SERVICE" >
249-->[com.google.android.datatransport:transport-runtime:3.1.8] AndroidManifest.xml:29:13-69
250        </service>
251
252        <receiver
252-->[com.google.android.datatransport:transport-runtime:3.1.8] AndroidManifest.xml:32:9-34:40
253            android:name="com.google.android.datatransport.runtime.scheduling.jobscheduling.AlarmManagerSchedulerBroadcastReceiver"
253-->[com.google.android.datatransport:transport-runtime:3.1.8] AndroidManifest.xml:33:13-132
254            android:exported="false" />
254-->[com.google.android.datatransport:transport-runtime:3.1.8] AndroidManifest.xml:34:13-37
255    </application>
256
257</manifest>